[INFO] Scanning for projects...
[INFO] 
[INFO] --------------------------< com.example:demo >--------------------------
[INFO] Building demo 0.0.1-SNAPSHOT
[INFO]   from pom.xml
[INFO] --------------------------------[ jar ]---------------------------------
[INFO] 
[INFO] >>> spring-boot:3.5.6:run (default-cli) > test-compile @ demo >>>
[INFO] 
[INFO] --- resources:3.3.1:resources (default-resources) @ demo ---
[INFO] Copying 5 resources from src/main/resources to target/classes
[INFO] Copying 25 resources from src/main/resources to target/classes
[INFO] 
[INFO] --- compiler:3.13.0:compile (default-compile) @ demo ---
[INFO] Nothing to compile - all classes are up to date.
[INFO] 
[INFO] --- resources:3.3.1:testResources (default-testResources) @ demo ---
[INFO] skip non existing resourceDirectory /Users/liyanglin/Desktop/project/作品集/demo/src/test/resources
[INFO] 
[INFO] --- compiler:3.13.0:testCompile (default-testCompile) @ demo ---
[INFO] Nothing to compile - all classes are up to date.
[INFO] 
[INFO] <<< spring-boot:3.5.6:run (default-cli) < test-compile @ demo <<<
[INFO] 
[INFO] 
[INFO] --- spring-boot:3.5.6:run (default-cli) @ demo ---
[INFO] Attaching agents: []

  .   ____          _            __ _ _
 /\\ / ___'_ __ _ _(_)_ __  __ _ \ \ \ \
( ( )\___ | '_ | '_| | '_ \/ _` | \ \ \ \
 \\/  ___)| |_)| | | | | || (_| |  ) ) ) )
  '  |____| .__|_| |_|_| |_\__, | / / / /
 =========|_|==============|___/=/_/_/_/

 :: Spring Boot ::                (v3.5.6)

2025-11-03 17:47:14 - Starting DemoApplication using Java 21.0.9 with PID 38978 (/Users/liyanglin/Desktop/project/作品集/demo/target/classes started by liyanglin in /Users/liyanglin/Desktop/project/作品集/demo)
2025-11-03 17:47:14 - No active profile set, falling back to 1 default profile: "default"
2025-11-03 17:47:14 - Multiple Spring Data modules found, entering strict repository configuration mode
2025-11-03 17:47:14 - Bootstrapping Spring Data JPA repositories in DEFAULT mode.
2025-11-03 17:47:15 - Finished Spring Data repository scanning in 65 ms. Found 3 JPA repository interfaces.
2025-11-03 17:47:15 - Multiple Spring Data modules found, entering strict repository configuration mode
2025-11-03 17:47:15 - Bootstrapping Spring Data Redis repositories in DEFAULT mode.
2025-11-03 17:47:15 - Spring Data Redis - Could not safely identify store assignment for repository candidate interface com.example.demo.learning.StudentRepository; If you want this repository to be a Redis repository, consider annotating your entities with one of these annotations: org.springframework.data.redis.core.RedisHash (preferred), or consider extending one of the following types with your repository: org.springframework.data.keyvalue.repository.KeyValueRepository
2025-11-03 17:47:15 - Spring Data Redis - Could not safely identify store assignment for repository candidate interface com.example.demo.repository.OrderListRepository; If you want this repository to be a Redis repository, consider annotating your entities with one of these annotations: org.springframework.data.redis.core.RedisHash (preferred), or consider extending one of the following types with your repository: org.springframework.data.keyvalue.repository.KeyValueRepository
2025-11-03 17:47:15 - Spring Data Redis - Could not safely identify store assignment for repository candidate interface com.example.demo.repository.OrderRepository; If you want this repository to be a Redis repository, consider annotating your entities with one of these annotations: org.springframework.data.redis.core.RedisHash (preferred), or consider extending one of the following types with your repository: org.springframework.data.keyvalue.repository.KeyValueRepository
2025-11-03 17:47:15 - Finished Spring Data repository scanning in 3 ms. Found 0 Redis repository interfaces.
2025-11-03 17:47:15 - Post-processing PropertySource instances
2025-11-03 17:47:15 - Skipping PropertySource configurationProperties [class org.springframework.boot.context.properties.source.ConfigurationPropertySourcesPropertySource
2025-11-03 17:47:15 - Skipping PropertySource servletConfigInitParams [class org.springframework.core.env.PropertySource$StubPropertySource
2025-11-03 17:47:15 - Skipping PropertySource servletContextInitParams [class org.springframework.core.env.PropertySource$StubPropertySource
2025-11-03 17:47:15 - Converting PropertySource systemProperties [org.springframework.core.env.PropertiesPropertySource] to EncryptableMapPropertySourceWrapper
2025-11-03 17:47:15 - Converting PropertySource systemEnvironment [org.springframework.boot.env.SystemEnvironmentPropertySourceEnvironmentPostProcessor$OriginAwareSystemEnvironmentPropertySource] to EncryptableSystemEnvironmentPropertySourceWrapper
2025-11-03 17:47:15 - Converting PropertySource random [org.springframework.boot.env.RandomValuePropertySource] to EncryptablePropertySourceWrapper
2025-11-03 17:47:15 - Converting PropertySource Config resource 'class path resource [application.properties]' via location 'optional:classpath:/' [org.springframework.boot.env.OriginTrackedMapPropertySource] to EncryptableMapPropertySourceWrapper
2025-11-03 17:47:15 - Converting PropertySource Config resource 'class path resource [application.yml]' via location 'optional:classpath:/' [org.springframework.boot.env.OriginTrackedMapPropertySource] to EncryptableMapPropertySourceWrapper
2025-11-03 17:47:15 - Converting PropertySource applicationInfo [org.springframework.boot.ApplicationInfoPropertySource] to EncryptableMapPropertySourceWrapper
2025-11-03 17:47:15 - Property Filter custom Bean not found with name 'encryptablePropertyFilter'. Initializing Default Property Filter
2025-11-03 17:47:15 - Property Resolver custom Bean not found with name 'encryptablePropertyResolver'. Initializing Default Property Resolver
2025-11-03 17:47:15 - Property Detector custom Bean not found with name 'encryptablePropertyDetector'. Initializing Default Property Detector
2025-11-03 17:47:15 - Tomcat initialized with port 8080 (http)
2025-11-03 17:47:15 - Starting service [Tomcat]
2025-11-03 17:47:15 - Starting Servlet engine: [Apache Tomcat/10.1.46]
2025-11-03 17:47:15 - Initializing Spring embedded WebApplicationContext
2025-11-03 17:47:15 - Root WebApplicationContext: initialization completed in 803 ms
2025-11-03 17:47:15 - Filter 'jwtAuthenticationFilter' configured for use
2025-11-03 17:47:15 - HHH000204: Processing PersistenceUnitInfo [name: default]
2025-11-03 17:47:15 - HHH000412: Hibernate ORM core version 6.6.29.Final
2025-11-03 17:47:15 - HHH000026: Second-level cache disabled
2025-11-03 17:47:15 - No LoadTimeWeaver setup: ignoring JPA class transformer
2025-11-03 17:47:15 - HikariPool-1 - Starting...
2025-11-03 17:47:15 - HikariPool-1 - Added connection com.mysql.cj.jdbc.ConnectionImpl@2d758472
2025-11-03 17:47:15 - HikariPool-1 - Start completed.
2025-11-03 17:47:15 - HHH90000025: MySQLDialect does not need to be specified explicitly using 'hibernate.dialect' (remove the property setting and it will be selected by default)
2025-11-03 17:47:15 - HHH10001005: Database info:
	Database JDBC URL [Connecting through datasource 'HikariDataSource (HikariPool-1)']
	Database driver: undefined/unknown
	Database version: 8.0.44
	Autocommit mode: undefined/unknown
	Isolation level: undefined/unknown
	Minimum pool size: undefined/unknown
	Maximum pool size: undefined/unknown
2025-11-03 17:47:16 - HHH000489: No JTA platform available (set 'hibernate.transaction.jta.platform' to enable JTA platform integration)
2025-11-03 17:47:16 - Initialized JPA EntityManagerFactory for persistence unit 'default'
2025-11-03 17:47:16 - 🔐 配置認證管理器
2025-11-03 17:47:16 - 🔐 配置密碼編碼器: BCrypt
2025-11-03 17:47:16 - Global AuthenticationManager configured with UserDetailsService bean with name customUserDetailsService
2025-11-03 17:47:16 - spring.jpa.open-in-view is enabled by default. Therefore, database queries may be performed during view rendering. Explicitly configure spring.jpa.open-in-view to disable this warning
2025-11-03 17:47:16 - Adding welcome page template: index
2025-11-03 17:47:16 - Exposing 3 endpoints beneath base path '/actuator'
2025-11-03 17:47:16 - 🔧 正在配置基礎安全設定...
2025-11-03 17:47:16 - ✅ 基礎安全設定配置完成
2025-11-03 17:47:16 - Tomcat started on port 8080 (http) with context path '/'
2025-11-03 17:47:16 - Refreshing cached encryptable property sources on ServletWebServerInitializedEvent
2025-11-03 17:47:16 - Property Source systemProperties refreshed
2025-11-03 17:47:16 - Property Source systemEnvironment refreshed
2025-11-03 17:47:16 - Property Source random refreshed
2025-11-03 17:47:16 - Property Source Config resource 'class path resource [application.properties]' via location 'optional:classpath:/' refreshed
2025-11-03 17:47:16 - Property Source Config resource 'class path resource [application.yml]' via location 'optional:classpath:/' refreshed
2025-11-03 17:47:16 - Property Source applicationInfo refreshed
2025-11-03 17:47:16 - Skipping PropertySource configurationProperties [class org.springframework.boot.context.properties.source.ConfigurationPropertySourcesPropertySource
2025-11-03 17:47:16 - Skipping PropertySource servletConfigInitParams [class org.springframework.core.env.PropertySource$StubPropertySource
2025-11-03 17:47:16 - Converting PropertySource servletContextInitParams [org.springframework.web.context.support.ServletContextPropertySource] to EncryptableEnumerablePropertySourceWrapper
2025-11-03 17:47:16 - Converting PropertySource Management Server [org.springframework.boot.actuate.autoconfigure.web.server.ManagementContextAutoConfiguration$LocalManagementPortPropertySource] to EncryptableEnumerablePropertySourceWrapper
2025-11-03 17:47:16 - Started DemoApplication in 2.513 seconds (process running for 2.645)
2025-11-03 17:47:32 - Initializing Spring DispatcherServlet 'dispatcherServlet'
2025-11-03 17:47:32 - Initializing Servlet 'dispatcherServlet'
2025-11-03 17:47:32 - Completed initialization in 2 ms
session中的uid為null
session中的uid為null
session中的uid為null
session中的uid為null
session中的uid為= 1 - 允許訪問
session中的uid為= 1 - 允許訪問
session中的uid為= 1 - 允許訪問
session中的uid為= 1 - 允許訪問
session中的uid為= 1 - 允許訪問
Hibernate: 
    insert 
    into
        orderdata
        (created_by, created_time, itemdescription, merchantorderno, paymenttype, paytime, status, totalamt, tradeno, tradestatus, uid, updated_by, updated_time) 
    values
        (?, ?, ?, ?, ?, ?, ?, ?, ?, ?, ?, ?, ?)
2025-11-03 17:48:33 - 創建新訂單：5jymy6h17vxynjs
Hibernate: 
    insert 
    into
        orderlistdata
        (amt, merchantorderno, num, paymenttype, paytime, pid, tradeno, tradestatus, uid) 
    values
        (?, ?, ?, ?, ?, ?, ?, ?, ?)
2025-11-03 17:48:33 - 創建新訂單：5jymy6h17vxynjs
Hibernate: 
    insert 
    into
        orderlistdata
        (amt, merchantorderno, num, paymenttype, paytime, pid, tradeno, tradestatus, uid) 
    values
        (?, ?, ?, ?, ?, ?, ?, ?, ?)
2025-11-03 17:48:33 - 創建新訂單：5jymy6h17vxynjs
2025-11-03 18:11:46 - HikariPool-1 - Thread starvation or clock leap detected (housekeeper delta=15m27s924ms).
2025-11-03 18:27:44 - HikariPool-1 - Thread starvation or clock leap detected (housekeeper delta=15m27s872ms).
2025-11-03 19:14:56 - HikariPool-1 - Thread starvation or clock leap detected (housekeeper delta=16m12s347ms).
2025-11-03 19:31:08 - HikariPool-1 - Thread starvation or clock leap detected (housekeeper delta=15m42s61ms).
2025-11-03 19:48:04 - HikariPool-1 - Thread starvation or clock leap detected (housekeeper delta=16m25s573ms).
2025-11-03 19:57:47 - HikariPool-1 - Thread starvation or clock leap detected (housekeeper delta=9m13s76ms).
2025-11-03 20:14:24 - HikariPool-1 - Thread starvation or clock leap detected (housekeeper delta=16m7s9ms).
2025-11-03 20:31:22 - HikariPool-1 - Thread starvation or clock leap detected (housekeeper delta=16m58s117ms).
2025-11-03 20:50:14 - HikariPool-1 - Thread starvation or clock leap detected (housekeeper delta=17m51s536ms).
2025-11-03 21:08:19 - HikariPool-1 - Thread starvation or clock leap detected (housekeeper delta=18m5s56ms).
2025-11-03 21:24:17 - HikariPool-1 - Thread starvation or clock leap detected (housekeeper delta=15m28s12ms).
2025-11-03 21:40:00 - HikariPool-1 - Thread starvation or clock leap detected (housekeeper delta=15m43s238ms).
2025-11-03 21:56:01 - HikariPool-1 - Thread starvation or clock leap detected (housekeeper delta=15m30s882ms).
2025-11-03 22:13:51 - HikariPool-1 - Thread starvation or clock leap detected (housekeeper delta=17m49s990ms).
2025-11-03 22:31:09 - HikariPool-1 - Thread starvation or clock leap detected (housekeeper delta=16m48s74ms).
2025-11-03 22:48:49 - HikariPool-1 - Thread starvation or clock leap detected (housekeeper delta=17m9s885ms).
2025-11-03 23:06:39 - HikariPool-1 - Thread starvation or clock leap detected (housekeeper delta=16m50s260ms).
2025-11-03 23:23:09 - HikariPool-1 - Thread starvation or clock leap detected (housekeeper delta=16m93ms).
2025-11-03 23:39:11 - HikariPool-1 - Thread starvation or clock leap detected (housekeeper delta=15m31s417ms).
2025-11-03 23:56:13 - HikariPool-1 - Thread starvation or clock leap detected (housekeeper delta=16m2s582ms).
2025-11-04 00:13:17 - HikariPool-1 - Thread starvation or clock leap detected (housekeeper delta=17m3s753ms).
2025-11-04 00:30:39 - HikariPool-1 - Thread starvation or clock leap detected (housekeeper delta=16m51s887ms).
2025-11-04 00:47:08 - HikariPool-1 - Thread starvation or clock leap detected (housekeeper delta=15m58s489ms).
2025-11-04 01:04:25 - HikariPool-1 - Thread starvation or clock leap detected (housekeeper delta=16m47s884ms).
2025-11-04 01:21:20 - HikariPool-1 - Thread starvation or clock leap detected (housekeeper delta=16m24s641ms).
2025-11-04 01:37:38 - HikariPool-1 - Thread starvation or clock leap detected (housekeeper delta=16m17s934ms).
2025-11-04 01:56:08 - HikariPool-1 - Thread starvation or clock leap detected (housekeeper delta=17m29s806ms).
2025-11-04 02:12:54 - HikariPool-1 - Thread starvation or clock leap detected (housekeeper delta=16m46s17ms).
2025-11-04 02:31:27 - HikariPool-1 - Thread starvation or clock leap detected (housekeeper delta=18m3s79ms).
2025-11-04 02:48:33 - HikariPool-1 - Thread starvation or clock leap detected (housekeeper delta=16m35s900ms).
2025-11-04 03:06:22 - HikariPool-1 - Thread starvation or clock leap detected (housekeeper delta=17m49s57ms).
2025-11-04 03:10:58 - HikariPool-1 - Thread starvation or clock leap detected (housekeeper delta=4m5s968ms).
2025-11-04 03:27:13 - HikariPool-1 - Thread starvation or clock leap detected (housekeeper delta=16m15s61ms).
2025-11-04 03:43:46 - HikariPool-1 - Thread starvation or clock leap detected (housekeeper delta=15m33s482ms).
2025-11-04 04:00:17 - HikariPool-1 - Thread starvation or clock leap detected (housekeeper delta=16m30s53ms).
2025-11-04 04:17:23 - HikariPool-1 - Thread starvation or clock leap detected (housekeeper delta=16m36s946ms).
2025-11-04 04:32:55 - HikariPool-1 - Thread starvation or clock leap detected (housekeeper delta=15m31s50ms).
2025-11-04 04:50:03 - HikariPool-1 - Thread starvation or clock leap detected (housekeeper delta=16m8s708ms).
2025-11-04 05:07:29 - HikariPool-1 - Thread starvation or clock leap detected (housekeeper delta=16m55s991ms).
2025-11-04 05:22:57 - HikariPool-1 - Thread starvation or clock leap detected (housekeeper delta=15m28s68ms).
2025-11-04 05:41:02 - HikariPool-1 - Thread starvation or clock leap detected (housekeeper delta=17m4s658ms).
2025-11-04 05:44:32 - HikariPool-1 - Thread starvation or clock leap detected (housekeeper delta=2m29s811ms).
2025-11-04 06:00:35 - HikariPool-1 - Thread starvation or clock leap detected (housekeeper delta=15m32s790ms).
2025-11-04 06:17:11 - HikariPool-1 - Thread starvation or clock leap detected (housekeeper delta=16m6s79ms).
2025-11-04 06:33:07 - HikariPool-1 - Thread starvation or clock leap detected (housekeeper delta=15m56s47ms).
2025-11-04 06:45:41 - HikariPool-1 - Thread starvation or clock leap detected (housekeeper delta=12m3s957ms).
2025-11-04 07:01:48 - HikariPool-1 - Thread starvation or clock leap detected (housekeeper delta=16m7s562ms).
2025-11-04 07:18:25 - HikariPool-1 - Thread starvation or clock leap detected (housekeeper delta=16m6s811ms).
2025-11-04 07:35:31 - HikariPool-1 - Thread starvation or clock leap detected (housekeeper delta=16m36s269ms).
2025-11-04 07:46:31 - HikariPool-1 - Thread starvation or clock leap detected (housekeeper delta=10m29s300ms).
2025-11-04 08:03:46 - HikariPool-1 - Thread starvation or clock leap detected (housekeeper delta=16m44s862ms).
2025-11-04 08:21:34 - HikariPool-1 - Thread starvation or clock leap detected (housekeeper delta=17m47s948ms).
2025-11-04 08:30:26 - HikariPool-1 - Thread starvation or clock leap detected (housekeeper delta=8m21s990ms).
2025-11-04 08:47:28 - HikariPool-1 - Thread starvation or clock leap detected (housekeeper delta=16m31s954ms).
2025-11-04 08:47:56 - HikariPool-1 - Retrograde clock change detected (housekeeper delta=28s275ms), soft-evicting connections from pool.
2025-11-04 09:03:24 - HikariPool-1 - Thread starvation or clock leap detected (housekeeper delta=15m27s741ms).
2025-11-04 09:20:14 - HikariPool-1 - Thread starvation or clock leap detected (housekeeper delta=16m50s13ms).
2025-11-04 09:37:48 - HikariPool-1 - Thread starvation or clock leap detected (housekeeper delta=17m4s32ms).
2025-11-04 09:48:47 - HikariPool-1 - Thread starvation or clock leap detected (housekeeper delta=9m58s718ms).
2025-11-04 10:06:02 - HikariPool-1 - Thread starvation or clock leap detected (housekeeper delta=17m15s19ms).
2025-11-04 10:20:29 - HikariPool-1 - Thread starvation or clock leap detected (housekeeper delta=13m20s866ms).
2025-11-04 10:26:02 - HikariPool-1 - Thread starvation or clock leap detected (housekeeper delta=4m69ms).
session中的uid為null
2025-11-04 11:28:03 - No mapping for GET /favicon.ico
2025-11-04 11:28:03 - No endpoint GET /favicon.ico.
session中的uid為null
session中的uid為null
session中的uid為null
session中的uid為null
session中的uid為null
session中的uid為null
session中的uid為null
session中的uid為= 1 - 允許訪問
session中的uid為= 1 - 允許訪問
session中的uid為= 1 - 允許訪問
session中的uid為= 1 - 允許訪問
session中的uid為= 1 - 允許訪問
session中的uid為= 1 - 允許訪問
session中的uid為= 1 - 允許訪問
