[INFO] Scanning for projects...
[INFO] 
[INFO] --------------------------< com.example:demo >--------------------------
[INFO] Building demo 0.0.1-SNAPSHOT
[INFO]   from pom.xml
[INFO] --------------------------------[ jar ]---------------------------------
[INFO] 
[INFO] >>> spring-boot:3.5.6:run (default-cli) > test-compile @ demo >>>
[INFO] 
[INFO] --- resources:3.3.1:resources (default-resources) @ demo ---
[INFO] Copying 5 resources from src/main/resources to target/classes
[INFO] Copying 25 resources from src/main/resources to target/classes
[INFO] 
[INFO] --- compiler:3.13.0:compile (default-compile) @ demo ---
[INFO] Nothing to compile - all classes are up to date.
[INFO] 
[INFO] --- resources:3.3.1:testResources (default-testResources) @ demo ---
[INFO] skip non existing resourceDirectory /Users/liyanglin/Desktop/project/作品集/demo/src/test/resources
[INFO] 
[INFO] --- compiler:3.13.0:testCompile (default-testCompile) @ demo ---
[INFO] Nothing to compile - all classes are up to date.
[INFO] 
[INFO] <<< spring-boot:3.5.6:run (default-cli) < test-compile @ demo <<<
[INFO] 
[INFO] 
[INFO] --- spring-boot:3.5.6:run (default-cli) @ demo ---
[INFO] Attaching agents: []

  .   ____          _            __ _ _
 /\\ / ___'_ __ _ _(_)_ __  __ _ \ \ \ \
( ( )\___ | '_ | '_| | '_ \/ _` | \ \ \ \
 \\/  ___)| |_)| | | | | || (_| |  ) ) ) )
  '  |____| .__|_| |_|_| |_\__, | / / / /
 =========|_|==============|___/=/_/_/_/

 :: Spring Boot ::                (v3.5.6)

2025-11-03 15:49:32 - Starting DemoApplication using Java 21.0.9 with PID 21719 (/Users/liyanglin/Desktop/project/作品集/demo/target/classes started by liyanglin in /Users/liyanglin/Desktop/project/作品集/demo)
2025-11-03 15:49:32 - No active profile set, falling back to 1 default profile: "default"
2025-11-03 15:49:33 - Multiple Spring Data modules found, entering strict repository configuration mode
2025-11-03 15:49:33 - Bootstrapping Spring Data JPA repositories in DEFAULT mode.
2025-11-03 15:49:33 - Finished Spring Data repository scanning in 64 ms. Found 3 JPA repository interfaces.
2025-11-03 15:49:33 - Multiple Spring Data modules found, entering strict repository configuration mode
2025-11-03 15:49:33 - Bootstrapping Spring Data Redis repositories in DEFAULT mode.
2025-11-03 15:49:33 - Spring Data Redis - Could not safely identify store assignment for repository candidate interface com.example.demo.learning.StudentRepository; If you want this repository to be a Redis repository, consider annotating your entities with one of these annotations: org.springframework.data.redis.core.RedisHash (preferred), or consider extending one of the following types with your repository: org.springframework.data.keyvalue.repository.KeyValueRepository
2025-11-03 15:49:33 - Spring Data Redis - Could not safely identify store assignment for repository candidate interface com.example.demo.repository.OrderListRepository; If you want this repository to be a Redis repository, consider annotating your entities with one of these annotations: org.springframework.data.redis.core.RedisHash (preferred), or consider extending one of the following types with your repository: org.springframework.data.keyvalue.repository.KeyValueRepository
2025-11-03 15:49:33 - Spring Data Redis - Could not safely identify store assignment for repository candidate interface com.example.demo.repository.OrderRepository; If you want this repository to be a Redis repository, consider annotating your entities with one of these annotations: org.springframework.data.redis.core.RedisHash (preferred), or consider extending one of the following types with your repository: org.springframework.data.keyvalue.repository.KeyValueRepository
2025-11-03 15:49:33 - Finished Spring Data repository scanning in 3 ms. Found 0 Redis repository interfaces.
2025-11-03 15:49:33 - Post-processing PropertySource instances
2025-11-03 15:49:33 - Skipping PropertySource configurationProperties [class org.springframework.boot.context.properties.source.ConfigurationPropertySourcesPropertySource
2025-11-03 15:49:33 - Skipping PropertySource servletConfigInitParams [class org.springframework.core.env.PropertySource$StubPropertySource
2025-11-03 15:49:33 - Skipping PropertySource servletContextInitParams [class org.springframework.core.env.PropertySource$StubPropertySource
2025-11-03 15:49:33 - Converting PropertySource systemProperties [org.springframework.core.env.PropertiesPropertySource] to EncryptableMapPropertySourceWrapper
2025-11-03 15:49:33 - Converting PropertySource systemEnvironment [org.springframework.boot.env.SystemEnvironmentPropertySourceEnvironmentPostProcessor$OriginAwareSystemEnvironmentPropertySource] to EncryptableSystemEnvironmentPropertySourceWrapper
2025-11-03 15:49:33 - Converting PropertySource random [org.springframework.boot.env.RandomValuePropertySource] to EncryptablePropertySourceWrapper
2025-11-03 15:49:33 - Converting PropertySource Config resource 'class path resource [application.properties]' via location 'optional:classpath:/' [org.springframework.boot.env.OriginTrackedMapPropertySource] to EncryptableMapPropertySourceWrapper
2025-11-03 15:49:33 - Converting PropertySource Config resource 'class path resource [application.yml]' via location 'optional:classpath:/' [org.springframework.boot.env.OriginTrackedMapPropertySource] to EncryptableMapPropertySourceWrapper
2025-11-03 15:49:33 - Converting PropertySource applicationInfo [org.springframework.boot.ApplicationInfoPropertySource] to EncryptableMapPropertySourceWrapper
2025-11-03 15:49:33 - Property Filter custom Bean not found with name 'encryptablePropertyFilter'. Initializing Default Property Filter
2025-11-03 15:49:33 - Property Resolver custom Bean not found with name 'encryptablePropertyResolver'. Initializing Default Property Resolver
2025-11-03 15:49:33 - Property Detector custom Bean not found with name 'encryptablePropertyDetector'. Initializing Default Property Detector
2025-11-03 15:49:33 - Tomcat initialized with port 8080 (http)
2025-11-03 15:49:33 - Starting service [Tomcat]
2025-11-03 15:49:33 - Starting Servlet engine: [Apache Tomcat/10.1.46]
2025-11-03 15:49:33 - Initializing Spring embedded WebApplicationContext
2025-11-03 15:49:33 - Root WebApplicationContext: initialization completed in 821 ms
2025-11-03 15:49:33 - Filter 'jwtAuthenticationFilter' configured for use
2025-11-03 15:49:33 - HHH000204: Processing PersistenceUnitInfo [name: default]
2025-11-03 15:49:33 - HHH000412: Hibernate ORM core version 6.6.29.Final
2025-11-03 15:49:33 - HHH000026: Second-level cache disabled
2025-11-03 15:49:33 - No LoadTimeWeaver setup: ignoring JPA class transformer
2025-11-03 15:49:33 - HikariPool-1 - Starting...
2025-11-03 15:49:34 - HikariPool-1 - Added connection com.mysql.cj.jdbc.ConnectionImpl@5e66733b
2025-11-03 15:49:34 - HikariPool-1 - Start completed.
2025-11-03 15:49:34 - HHH90000025: MySQLDialect does not need to be specified explicitly using 'hibernate.dialect' (remove the property setting and it will be selected by default)
2025-11-03 15:49:34 - HHH10001005: Database info:
	Database JDBC URL [Connecting through datasource 'HikariDataSource (HikariPool-1)']
	Database driver: undefined/unknown
	Database version: 8.0.44
	Autocommit mode: undefined/unknown
	Isolation level: undefined/unknown
	Minimum pool size: undefined/unknown
	Maximum pool size: undefined/unknown
2025-11-03 15:49:34 - HHH000489: No JTA platform available (set 'hibernate.transaction.jta.platform' to enable JTA platform integration)
2025-11-03 15:49:34 - Initialized JPA EntityManagerFactory for persistence unit 'default'
2025-11-03 15:49:34 - 🔐 配置認證管理器
2025-11-03 15:49:35 - 🔐 配置密碼編碼器: BCrypt
2025-11-03 15:49:35 - Global AuthenticationManager configured with UserDetailsService bean with name customUserDetailsService
2025-11-03 15:49:36 - spring.jpa.open-in-view is enabled by default. Therefore, database queries may be performed during view rendering. Explicitly configure spring.jpa.open-in-view to disable this warning
2025-11-03 15:49:36 - Adding welcome page template: index
2025-11-03 15:49:36 - Exposing 3 endpoints beneath base path '/actuator'
2025-11-03 15:49:36 - 🔧 正在配置基礎安全設定...
2025-11-03 15:49:36 - ✅ 基礎安全設定配置完成
2025-11-03 15:49:36 - Tomcat started on port 8080 (http) with context path '/'
2025-11-03 15:49:37 - Refreshing cached encryptable property sources on ServletWebServerInitializedEvent
2025-11-03 15:49:37 - Property Source systemProperties refreshed
2025-11-03 15:49:37 - Property Source systemEnvironment refreshed
2025-11-03 15:49:37 - Property Source random refreshed
2025-11-03 15:49:37 - Property Source Config resource 'class path resource [application.properties]' via location 'optional:classpath:/' refreshed
2025-11-03 15:49:37 - Property Source Config resource 'class path resource [application.yml]' via location 'optional:classpath:/' refreshed
2025-11-03 15:49:37 - Property Source applicationInfo refreshed
2025-11-03 15:49:37 - Skipping PropertySource configurationProperties [class org.springframework.boot.context.properties.source.ConfigurationPropertySourcesPropertySource
2025-11-03 15:49:37 - Skipping PropertySource servletConfigInitParams [class org.springframework.core.env.PropertySource$StubPropertySource
2025-11-03 15:49:37 - Converting PropertySource servletContextInitParams [org.springframework.web.context.support.ServletContextPropertySource] to EncryptableEnumerablePropertySourceWrapper
2025-11-03 15:49:37 - Converting PropertySource Management Server [org.springframework.boot.actuate.autoconfigure.web.server.ManagementContextAutoConfiguration$LocalManagementPortPropertySource] to EncryptableEnumerablePropertySourceWrapper
2025-11-03 15:49:37 - Started DemoApplication in 4.973 seconds (process running for 5.095)
2025-11-03 15:50:31 - Initializing Spring DispatcherServlet 'dispatcherServlet'
2025-11-03 15:50:31 - Initializing Servlet 'dispatcherServlet'
2025-11-03 15:50:31 - Completed initialization in 1 ms
2025-11-03 16:52:44 - Commencing graceful shutdown. Waiting for active requests to complete
2025-11-03 16:52:44 - Graceful shutdown complete
2025-11-03 16:52:44 - Closing JPA EntityManagerFactory for persistence unit 'default'
2025-11-03 16:52:44 - HikariPool-1 - Shutdown initiated...
2025-11-03 16:52:44 - HikariPool-1 - Shutdown completed.
[INFO] ------------------------------------------------------------------------
[INFO] BUILD FAILURE
[INFO] ------------------------------------------------------------------------
[INFO] Total time:  01:03 h
[INFO] Finished at: 2025-11-03T16:52:44+08:00
[INFO] ------------------------------------------------------------------------
[ERROR] Failed to execute goal org.springframework.boot:spring-boot-maven-plugin:3.5.6:run (default-cli) on project demo: Process terminated with exit code: 143 -> [Help 1]
[ERROR] 
[ERROR] To see the full stack trace of the errors, re-run Maven with the -e switch.
[ERROR] Re-run Maven using the -X switch to enable full debug logging.
[ERROR] 
[ERROR] For more information about the errors and possible solutions, please read the following articles:
[ERROR] [Help 1] http://cwiki.apache.org/confluence/display/MAVEN/MojoExecutionException
